[20230107_192313] index:1;amount:42;created
[20230107_192313] index:2;amount:96;created
[20230107_192313] index:3;amount:1053;created
[20230107_192313] index:4;amount:1485;created
[20230107_192313] index:5;amount:2719;created
[20230107_192313] index:6;amount:2719;created
[20230107_192313] index:7;amount:3473;created
[20230107_192313] index:8;amount:20049;created
[20230107_192313] accounts:8;total:20049;deposits:20049;withdrawals:0
[20230107_192313] index:0;p_amount:20049;deposit:0;withdrawals:0
[20230107_192313] index:1;p_amount:20049;deposit:0;withdrawals:0
[20230107_192313] index:2;p_amount:20049;deposit:0;withdrawals:0
[20230107_192313] index:3;p_amount:20049;deposit:0;withdrawals:0
[20230107_192313] index:4;p_amount:20049;deposit:0;withdrawals:0
[20230107_192313] index:5;p_amount:20049;deposit:0;withdrawals:0
[20230107_192313] index:6;p_amount:20049;deposit:0;withdrawals:0
[20230107_192313] index:7;p_amount:20049;deposit:0;withdrawals:0
[20230107_192313] index:0;p_amount:20049;deposit:5;amount:20054;nb_deposits:1
[20230107_192313] index:1;p_amount:20054;deposit:765;amount:20819;nb_deposits:1
[20230107_192313] index:2;p_amount:20819;deposit:564;amount:21383;nb_deposits:1
[20230107_192313] index:3;p_amount:21383;deposit:2;amount:21385;nb_deposits:1
[20230107_192313] index:4;p_amount:21385;deposit:87;amount:21472;nb_deposits:1
[20230107_192313] index:5;p_amount:21472;deposit:23;amount:21495;nb_deposits:1
[20230107_192313] index:6;p_amount:21495;deposit:9;amount:21504;nb_deposits:1
[20230107_192313] index:7;p_amount:21504;deposit:20;amount:21524;nb_deposits:1
[20230107_192313] accounts:8;total:21524;deposits:21524;withdrawals:0
[20230107_192313] index:0;p_amount:21524;deposit:1;withdrawals:0
[20230107_192313] index:1;p_amount:21524;deposit:1;withdrawals:0
[20230107_192313] index:2;p_amount:21524;deposit:1;withdrawals:0
[20230107_192313] index:3;p_amount:21524;deposit:1;withdrawals:0
[20230107_192313] index:4;p_amount:21524;deposit:1;withdrawals:0
[20230107_192313] index:5;p_amount:21524;deposit:1;withdrawals:0
[20230107_192313] index:6;p_amount:21524;deposit:1;withdrawals:0
[20230107_192313] index:7;p_amount:21524;deposit:1;withdrawals:0
[20230107_192313] index:0;p_amount:21524;withdrawal:321;amount:21203;nb_withdrawals:1
[20230107_192313] index:1;p_amount:21203;withdrawal:34;amount:21169;nb_withdrawals:1
[20230107_192313] index:2;p_amount:21169;withdrawal:657;amount:20512;nb_withdrawals:1
[20230107_192313] index:3;p_amount:20512;withdrawal:4;amount:20508;nb_withdrawals:1
[20230107_192313] index:4;p_amount:20508;withdrawal:76;amount:20432;nb_withdrawals:1
[20230107_192313] index:5;p_amount:20432;withdrawal:275;amount:20157;nb_withdrawals:1
[20230107_192313] index:6;p_amount:20157;withdrawal:657;amount:19500;nb_withdrawals:1
[20230107_192313] index:7;p_amount:19500;withdrawal:7654;amount:11846;nb_withdrawals:1
[20230107_192313] accounts:8;total:11846;deposits:11846;withdrawals:1
[20230107_192313] index:0;p_amount:11846;deposit:1;withdrawals:1
[20230107_192313] index:1;p_amount:11846;deposit:1;withdrawals:1
[20230107_192313] index:2;p_amount:11846;deposit:1;withdrawals:1
[20230107_192313] index:3;p_amount:11846;deposit:1;withdrawals:1
[20230107_192313] index:4;p_amount:11846;deposit:1;withdrawals:1
[20230107_192313] index:5;p_amount:11846;deposit:1;withdrawals:1
[20230107_192313] index:6;p_amount:11846;deposit:1;withdrawals:1
[20230107_192313] index:7;p_amount:11846;deposit:1;withdrawals:1
[20230107_192313] index:0;amount:11846;closed
[20230107_192313] index:1;amount:11846;closed
[20230107_192313] index:2;amount:11846;closed
[20230107_192313] index:3;amount:11846;closed
[20230107_192313] index:4;amount:11846;closed
[20230107_192313] index:5;amount:11846;closed
[20230107_192313] index:6;amount:11846;closed
[20230107_192313] index:7;amount:11846;closed
